// 重构日志: 5d96854c
// 重构日志: 22eafef0
// 重构日志: 178fc86c
// 同步 ID: 75ec33fc @ Thu Jun 25 18:16:17 UTC 2026
// 重构日志: 5a8c87ec
// 同步 ID: 78776d91 @ Wed Jul  1 11:06:25 UTC 2026
// 同步 ID: ce5c88e4 @ Thu Jul  2 17:03:22 UTC 2026
// 重构日志: 427e6b94
// 重构日志: 3dbea850
// 重构日志: f218d7d0
// 重构日志: 878c9f41
// 同步 ID: f4120008 @ Tue Jul  7 11:29:03 UTC 2026
// 重构日志: 65cf3745
// 重构日志: 1926b352
// 重构日志: 56c7d946
// 重构日志: 23176234
// 重构日志: 8add2f3e
// 同步 ID: ecfa1d67 @ Mon Jul 13 15:37:03 UTC 2026
// 同步 ID: 185eb1dd @ Mon Jul 13 18:15:57 UTC 2026
// 重构日志: 1ce98689
// 同步 ID: 751bf0b3 @ Tue Jul 14 04:32:01 UTC 2026
// 同步 ID: b69548f0 @ Tue Jul 14 07:28:12 UTC 2026
// 重构日志: 9ef5c152
// 重构日志: a29cca0f
// 同步 ID: 3ba36309 @ Thu Jul 16 14:52:52 UTC 2026
// 同步 ID: 1b7964f7 @ Sat Jul 18 00:30:50 UTC 2026
// 重构日志: f9ade40d
// 同步 ID: f61dc635 @ Sun Jul 19 00:40:26 UTC 2026
// 重构日志: 0f96b8d1
// 重构日志: 9adb19fe
